
[2026-04-06 10:53:33] ⚠️ QUÁ TẢI HỆ THỐNG!
→ CPU tổng: 11.5%
→ RAM tổng: 80.2% (12571 MB)
🔥 CPU cao nhất: System Idle Process (0.0%)
🧠 RAM cao nhất: Code.exe (690.58 MB)
--------------------------------------------------

[2026-04-06 10:53:42] ⚠️ QUÁ TẢI HỆ THỐNG!
→ CPU tổng: 16.2%
→ RAM tổng: 81.1% (12714 MB)
🔥 CPU cao nhất: System Idle Process (935.4%)
🧠 RAM cao nhất: Code.exe (690.55 MB)
--------------------------------------------------

[2026-04-06 10:53:48] ⚠️ QUÁ TẢI HỆ THỐNG!
→ CPU tổng: 8.4%
→ RAM tổng: 81.1% (12710 MB)
🔥 CPU cao nhất: System Idle Process (1003.1%)
🧠 RAM cao nhất: Code.exe (690.55 MB)
--------------------------------------------------

[2026-04-06 10:53:54] ⚠️ QUÁ TẢI HỆ THỐNG!
→ CPU tổng: 6.2%
→ RAM tổng: 81.0% (12695 MB)
🔥 CPU cao nhất: System Idle Process (1085.5%)
🧠 RAM cao nhất: Code.exe (617.16 MB)
--------------------------------------------------

[2026-04-06 10:54:00] ⚠️ QUÁ TẢI HỆ THỐNG!
→ CPU tổng: 5.5%
→ RAM tổng: 80.0% (12545 MB)
🔥 CPU cao nhất: System Idle Process (1087.6%)
🧠 RAM cao nhất: Code.exe (617.05 MB)
--------------------------------------------------

[2026-04-06 10:56:35] ⚠️ QUÁ TẢI HỆ THỐNG!
→ CPU tổng: 5.1%
→ RAM tổng: 80.1% (12560 MB)
🔥 CPU cao nhất: System (72.0%)
🧠 RAM cao nhất: Code.exe (656.82 MB)
--------------------------------------------------

[2026-04-06 10:56:50] ⚠️ QUÁ TẢI HỆ THỐNG!
→ CPU tổng: 2.2%
→ RAM tổng: 80.1% (12560 MB)
🔥 CPU cao nhất: System (0.0%)
🧠 RAM cao nhất: Code.exe (656.84 MB)
--------------------------------------------------
